<?xml version="1.0" encoding="UTF-8"?>
<!-- Generated by org.testng.reporters.JUnitReportReporter -->
<testsuite skipped="0" hostname="SHALINI" name="com.test.SampleTest" tests="1" failures="0" timestamp="13 May 2018 22:59:47 GMT" time="19.314" errors="0">
  <testcase name="test1" time="19.314" classname="com.test.SampleTest"/>
</testsuite> <!-- com.test.SampleTest -->
